2023-03-11 10:43:06 [main] ERROR vladsimonenko.fourthlab.variantA.action.SimpleFractionAction - Ошибка прочтения файла: siplefraction.txt (Не удается найти указанный файл)
2023-03-11 10:43:06 [main] ERROR vladsimonenko.fourthlab.variantA._main.SimpleFractionMain - Не удалось создать дроби из за невозможности прочитать файл
2023-03-11 10:43:17 [main] DEBUG vladsimonenko.fourthlab.variantA.action.SimpleFractionAction - Argument p is 1/2, argument q is 4/34
2023-03-11 10:43:17 [main] INFO  vladsimonenko.fourthlab.variantA.action.SimpleFractionAction - Result of addition is 21/34
2023-03-11 10:43:17 [main] DEBUG vladsimonenko.fourthlab.variantA.action.SimpleFractionAction - Argument p is 1/2, argument q is 5/4
2023-03-11 10:43:17 [main] INFO  vladsimonenko.fourthlab.variantA.action.SimpleFractionAction - Result of multiplication is 5/8
2023-03-11 10:43:17 [main] DEBUG vladsimonenko.fourthlab.variantA.action.SimpleFractionAction - Argument p is 1/2, argument q is 1/3
2023-03-11 10:43:17 [main] INFO  vladsimonenko.fourthlab.variantA.action.SimpleFractionAction - Result of subtracting is 1/6
2023-03-11 10:43:17 [main] DEBUG vladsimonenko.fourthlab.variantA.action.SimpleFractionAction - Argument p is 1/2, argument q is 6/18
2023-03-11 10:43:17 [main] INFO  vladsimonenko.fourthlab.variantA.action.SimpleFractionAction - Result of division is 3/2
2023-03-11 10:43:35 [main] ERROR vladsimonenko.fourthlab.variantA.action.SimpleFractionAction - Знаменатель не может быть 0!
2023-03-11 10:43:35 [main] ERROR vladsimonenko.fourthlab.variantA._main.SimpleFractionMain - Не удалось выполнить все операции: Неверная информация
2023-03-11 10:43:57 [main] DEBUG vladsimonenko.fourthlab.variantA.action.SimpleFractionAction - Argument p is 1/2, argument q is 4/34
2023-03-11 10:43:57 [main] INFO  vladsimonenko.fourthlab.variantA.action.SimpleFractionAction - Result of addition is 21/34
2023-03-11 10:43:57 [main] DEBUG vladsimonenko.fourthlab.variantA.action.SimpleFractionAction - Argument p is 1/2, argument q is 5/4
2023-03-11 10:43:57 [main] INFO  vladsimonenko.fourthlab.variantA.action.SimpleFractionAction - Result of multiplication is 5/8
2023-03-11 10:43:57 [main] DEBUG vladsimonenko.fourthlab.variantA.action.SimpleFractionAction - Argument p is 1/2, argument q is 1/3
2023-03-11 10:43:57 [main] INFO  vladsimonenko.fourthlab.variantA.action.SimpleFractionAction - Result of subtracting is 1/6
2023-03-11 10:43:57 [main] DEBUG vladsimonenko.fourthlab.variantA.action.SimpleFractionAction - Argument p is 1/2, argument q is 0/18
2023-03-11 10:43:57 [main] ERROR vladsimonenko.fourthlab.variantA._main.SimpleFractionMain - null
2023-03-11 10:45:42 [main] DEBUG vladsimonenko.fourthlab.variantB.action.GameRoomAction - Была произведена попытка записи информации про игровую комнату в файл
2023-03-11 10:48:26 [main] ERROR by.vladsimonenko.fifthlab.action.ReadAction - Ошибка прочтения файла: locles.txt (Не удается найти указанный файл)
2023-03-11 10:48:41 [main] ERROR by.vladsimonenko.fifthlab.action.ReadAction - Произошла следующая ошибка: Неверный формат строки: 5.67 de_DE faaf
2023-03-11 10:48:58 [main] ERROR by.vladsimonenko.fifthlab.action.ReadAction - Произошла следующая ошибка: Неверная запись числа : ssdf
2023-03-15 13:45:56 [main] DEBUG vladsimonenko.fourthlab.variantB.action.GameRoomAction - Была произведена попытка записи информации про игровую комнату в файл
2023-03-15 13:55:11 [main] ERROR vladsimonenko.fourthlab.variantB.action.Serialization - by.vladsimonenko.fourthlab.variantB.entity.Doll
2023-03-15 14:01:28 [main] ERROR vladsimonenko.fourthlab.variantB.action.DeSerialization - writing aborted; java.io.NotSerializableException: by.vladsimonenko.fourthlab.variantB.entity.Doll
2023-03-15 14:02:17 [main] ERROR vladsimonenko.fourthlab.variantB.action.DeSerialization - writing aborted; java.io.NotSerializableException: by.vladsimonenko.fourthlab.variantB.entity.Doll
2023-03-15 14:02:52 [main] ERROR vladsimonenko.fourthlab.variantB.action.DeSerialization - writing aborted; java.io.NotSerializableException: by.vladsimonenko.fourthlab.variantB.entity.Dollчо за нахуй
2023-03-15 14:06:54 [main] ERROR vladsimonenko.fourthlab.variantB.action.DeSerialization - writing aborted; java.io.NotSerializableException: by.vladsimonenko.fourthlab.variantB.entity.Dollчо за нахуй
2023-03-15 14:07:21 [main] ERROR vladsimonenko.fourthlab.variantB.action.DeSerialization - nullчо за нахуй
2023-03-15 14:10:09 [main] INFO  vladsimonenko.fourthlab.variantB.controller.MenuController - Игровая комната общей стоимостью 170.4:
1)	Игрушка:	Название = 'Машинка', Марка = 'Бентли', Размер = 'Большой', Цена = 11.99, для детей от 5 лет.
2)	Игрушка:	Название = 'Машинка', Марка = 'Бентли', Размер = 'Средний', Цена = 11.99, для детей от 4 лет.
3)	Игрушка:	Название = 'Кубик', Размер = 'Маленький', Цена = 13.99, для детей от 5 лет.
4)	Игрушка:	Название = 'Машинка', Марка = 'Лада', Размер = 'Большой', Цена = 14.99, для детей от 4 лет.
5)	Игрушка:	Название = 'Кубик', Размер = 'Маленький', Цена = 10.99, для детей от 3 лет.
6)	Игрушка:	Название = 'Машинка', Марка = 'Бентли', Размер = 'Большой', Цена = 12.99, для детей от 5 лет.
7)	Игрушка:	Название = 'Машинка', Марка = 'Ауди', Размер = 'Средний', Цена = 13.99, для детей от 3 лет.
8)	Игрушка:	Название = 'Мячик', Цвет = 'Жёлтый', Размер = 'Средний', Цена = 12.5, для детей от 2 лет.
9)	Игрушка:	Название = 'Машинка', Марка = 'Ауди', Размер = 'Маленький', Цена = 14.99, для детей от 3 лет.
10)	Игрушка:	Название = 'Мячик', Цвет = 'Красный', Размер = 'Средний', Цена = 12.5, для детей от 4 лет.
11)	Игрушка:	Название = 'Машинка', Марка = 'Ауди', Размер = 'Средний', Цена = 11.99, для детей от 3 лет.
12)	Игрушка:	Название = 'Машинка', Марка = 'Лада', Размер = 'Средний', Цена = 13.99, для детей от 5 лет.
13)	Игрушка:	Название = 'Мячик', Цвет = 'Жёлтый', Размер = 'Средний', Цена = 13.5, для детей от 3 лет.

2023-03-15 14:10:42 [main] INFO  vladsimonenko.fourthlab.variantB.controller.MenuController - Игровая комната общей стоимостью 859.54:
1)	Игрушка:	Название = 'Машинка', Марка = 'Ауди', Размер = 'Большой', Цена = 11.99, для детей от 3 лет.
2)	Игрушка:	Название = 'Мячик', Цвет = 'Голубой', Размер = 'Средний', Цена = 12.5, для детей от 4 лет.
3)	Игрушка:	Название = 'Мячик', Цвет = 'Голубой', Размер = 'Средний', Цена = 12.5, для детей от 2 лет.
4)	Игрушка:	Название = 'Машинка', Марка = 'Ауди', Размер = 'Средний', Цена = 14.99, для детей от 5 лет.
5)	Игрушка:	Название = 'Машинка', Марка = 'Опель', Размер = 'Маленький', Цена = 13.99, для детей от 4 лет.
6)	Игрушка:	Название = 'Машинка', Марка = 'Бентли', Размер = 'Средний', Цена = 11.99, для детей от 3 лет.
7)	Игрушка:	Название = 'Машинка', Марка = 'Лада', Размер = 'Маленький', Цена = 12.99, для детей от 4 лет.
8)	Игрушка:	Название = 'Мячик', Цвет = 'Зеленый', Размер = 'Средний', Цена = 14.5, для детей от 2 лет.
9)	Игрушка:	Название = 'Кукла', Размер = 'Большой', Цена = 15.99, для детей от 3 лет.
10)	Игрушка:	Название = 'Машинка', Марка = 'Опель', Размер = 'Маленький', Цена = 14.99, для детей от 4 лет.
11)	Игрушка:	Название = 'Машинка', Марка = 'Лада', Размер = 'Маленький', Цена = 11.99, для детей от 3 лет.
12)	Игрушка:	Название = 'Кукла', Размер = 'Большой', Цена = 15.99, для детей от 4 лет.
13)	Игрушка:	Название = 'Мячик', Цвет = 'Зеленый', Размер = 'Средний', Цена = 14.5, для детей от 4 лет.
14)	Игрушка:	Название = 'Кукла', Размер = 'Большой', Цена = 15.99, для детей от 4 лет.
15)	Игрушка:	Название = 'Машинка', Марка = 'Ауди', Размер = 'Большой', Цена = 12.99, для детей от 4 лет.
16)	Игрушка:	Название = 'Машинка', Марка = 'Опель', Размер = 'Большой', Цена = 14.99, для детей от 5 лет.
17)	Игрушка:	Название = 'Машинка', Марка = 'Опель', Размер = 'Большой', Цена = 12.99, для детей от 3 лет.
18)	Игрушка:	Название = 'Машинка', Марка = 'БМВ', Размер = 'Средний', Цена = 12.99, для детей от 3 лет.
19)	Игрушка:	Название = 'Машинка', Марка = 'БМВ', Размер = 'Большой', Цена = 12.99, для детей от 3 лет.
20)	Игрушка:	Название = 'Машинка', Марка = 'БМВ', Размер = 'Средний', Цена = 14.99, для детей от 5 лет.
21)	Игрушка:	Название = 'Мячик', Цвет = 'Жёлтый', Размер = 'Средний', Цена = 14.5, для детей от 2 лет.
22)	Игрушка:	Название = 'Машинка', Марка = 'Опель', Размер = 'Маленький', Цена = 12.99, для детей от 5 лет.
23)	Игрушка:	Название = 'Машинка', Марка = 'Бентли', Размер = 'Средний', Цена = 12.99, для детей от 4 лет.
24)	Игрушка:	Название = 'Машинка', Марка = 'Лада', Размер = 'Маленький', Цена = 13.99, для детей от 4 лет.
25)	Игрушка:	Название = 'Машинка', Марка = 'Бентли', Размер = 'Маленький', Цена = 11.99, для детей от 5 лет.
26)	Игрушка:	Название = 'Машинка', Марка = 'Опель', Размер = 'Большой', Цена = 13.99, для детей от 3 лет.
27)	Игрушка:	Название = 'Машинка', Марка = 'Бентли', Размер = 'Маленький', Цена = 11.99, для детей от 3 лет.
28)	Игрушка:	Название = 'Мячик', Цвет = 'Голубой', Размер = 'Средний', Цена = 12.5, для детей от 3 лет.
29)	Игрушка:	Название = 'Кукла', Размер = 'Большой', Цена = 15.99, для детей от 4 лет.
30)	Игрушка:	Название = 'Машинка', Марка = 'Бентли', Размер = 'Маленький', Цена = 12.99, для детей от 3 лет.
31)	Игрушка:	Название = 'Машинка', Марка = 'Лада', Размер = 'Большой', Цена = 11.99, для детей от 5 лет.
32)	Игрушка:	Название = 'Машинка', Марка = 'Опель', Размер = 'Маленький', Цена = 13.99, для детей от 5 лет.
33)	Игрушка:	Название = 'Кукла', Размер = 'Большой', Цена = 15.99, для детей от 5 лет.
34)	Игрушка:	Название = 'Мячик', Цвет = 'Голубой', Размер = 'Средний', Цена = 12.5, для детей от 2 лет.
35)	Игрушка:	Название = 'Кубик', Размер = 'Маленький', Цена = 12.99, для детей от 5 лет.
36)	Игрушка:	Название = 'Машинка', Марка = 'Бентли', Размер = 'Средний', Цена = 12.99, для детей от 4 лет.
37)	Игрушка:	Название = 'Кубик', Размер = 'Маленький', Цена = 13.99, для детей от 4 лет.
38)	Игрушка:	Название = 'Машинка', Марка = 'Опель', Размер = 'Средний', Цена = 11.99, для детей от 5 лет.
39)	Игрушка:	Название = 'Мячик', Цвет = 'Красный', Размер = 'Средний', Цена = 13.5, для детей от 2 лет.
40)	Игрушка:	Название = 'Машинка', Марка = 'Бентли', Размер = 'Большой', Цена = 14.99, для детей от 5 лет.
41)	Игрушка:	Название = 'Кукла', Размер = 'Большой', Цена = 15.99, для детей от 4 лет.
42)	Игрушка:	Название = 'Машинка', Марка = 'Лада', Размер = 'Большой', Цена = 13.99, для детей от 3 лет.
43)	Игрушка:	Название = 'Мячик', Цвет = 'Голубой', Размер = 'Средний', Цена = 12.5, для детей от 4 лет.
44)	Игрушка:	Название = 'Мячик', Цвет = 'Жёлтый', Размер = 'Средний', Цена = 12.5, для детей от 2 лет.
45)	Игрушка:	Название = 'Кубик', Размер = 'Маленький', Цена = 13.99, для детей от 4 лет.
46)	Игрушка:	Название = 'Мячик', Цвет = 'Белый', Размер = 'Средний', Цена = 14.5, для детей от 4 лет.
47)	Игрушка:	Название = 'Кубик', Размер = 'Маленький', Цена = 12.99, для детей от 4 лет.
48)	Игрушка:	Название = 'Машинка', Марка = 'Лада', Размер = 'Большой', Цена = 11.99, для детей от 5 лет.
49)	Игрушка:	Название = 'Кукла', Размер = 'Большой', Цена = 15.99, для детей от 5 лет.
50)	Игрушка:	Название = 'Машинка', Марка = 'Лада', Размер = 'Средний', Цена = 14.99, для детей от 3 лет.
51)	Игрушка:	Название = 'Кубик', Размер = 'Маленький', Цена = 10.99, для детей от 4 лет.
52)	Игрушка:	Название = 'Машинка', Марка = 'Лада', Размер = 'Средний', Цена = 14.99, для детей от 5 лет.
53)	Игрушка:	Название = 'Мячик', Цвет = 'Белый', Размер = 'Средний', Цена = 13.5, для детей от 2 лет.
54)	Игрушка:	Название = 'Машинка', Марка = 'Бентли', Размер = 'Маленький', Цена = 11.99, для детей от 5 лет.
55)	Игрушка:	Название = 'Машинка', Марка = 'Лада', Размер = 'Средний', Цена = 12.99, для детей от 4 лет.
56)	Игрушка:	Название = 'Мячик', Цвет = 'Белый', Размер = 'Средний', Цена = 13.5, для детей от 2 лет.
57)	Игрушка:	Название = 'Мячик', Цвет = 'Белый', Размер = 'Средний', Цена = 13.5, для детей от 3 лет.
58)	Игрушка:	Название = 'Кубик', Размер = 'Маленький', Цена = 10.99, для детей от 4 лет.
59)	Игрушка:	Название = 'Машинка', Марка = 'Ауди', Размер = 'Средний', Цена = 14.99, для детей от 3 лет.
60)	Игрушка:	Название = 'Мячик', Цвет = 'Белый', Размер = 'Средний', Цена = 14.5, для детей от 4 лет.
61)	Игрушка:	Название = 'Кукла', Размер = 'Большой', Цена = 15.99, для детей от 3 лет.
62)	Игрушка:	Название = 'Мячик', Цвет = 'Красный', Размер = 'Средний', Цена = 12.5, для детей от 3 лет.
63)	Игрушка:	Название = 'Машинка', Марка = 'БМВ', Размер = 'Маленький', Цена = 13.99, для детей от 5 лет.

2023-03-15 14:11:08 [main] INFO  vladsimonenko.fourthlab.variantB.controller.MenuController - Игровая комната общей стоимостью 92.44:
1)	Игрушка:	Название = 'Кубик', Размер = 'Маленький', Цена = 10.99, для детей от 5 лет.
2)	Игрушка:	Название = 'Машинка', Марка = 'Бентли', Размер = 'Средний', Цена = 12.99, для детей от 3 лет.
3)	Игрушка:	Название = 'Машинка', Марка = 'Бентли', Размер = 'Большой', Цена = 14.99, для детей от 5 лет.
4)	Игрушка:	Название = 'Машинка', Марка = 'Бентли', Размер = 'Маленький', Цена = 13.99, для детей от 4 лет.
5)	Игрушка:	Название = 'Мячик', Цвет = 'Зеленый', Размер = 'Средний', Цена = 14.5, для детей от 4 лет.
6)	Игрушка:	Название = 'Машинка', Марка = 'Ауди', Размер = 'Средний', Цена = 12.99, для детей от 5 лет.
7)	Игрушка:	Название = 'Кубик', Размер = 'Маленький', Цена = 11.99, для детей от 2 лет.

2023-03-15 14:11:30 [main] INFO  vladsimonenko.fourthlab.variantB.controller.MenuController - Игровая комната общей стоимостью 137.41:
1)	Игрушка:	Название = 'Машинка', Марка = 'Ауди', Размер = 'Средний', Цена = 13.99, для детей от 4 лет.
2)	Игрушка:	Название = 'Машинка', Марка = 'Бентли', Размер = 'Средний', Цена = 14.99, для детей от 3 лет.
3)	Игрушка:	Название = 'Машинка', Марка = 'Опель', Размер = 'Средний', Цена = 11.99, для детей от 4 лет.
4)	Игрушка:	Название = 'Машинка', Марка = 'БМВ', Размер = 'Маленький', Цена = 12.99, для детей от 4 лет.
5)	Игрушка:	Название = 'Кубик', Размер = 'Маленький', Цена = 11.99, для детей от 2 лет.
6)	Игрушка:	Название = 'Кукла', Размер = 'Большой', Цена = 15.99, для детей от 3 лет.
7)	Игрушка:	Название = 'Машинка', Марка = 'Опель', Размер = 'Средний', Цена = 14.99, для детей от 5 лет.
8)	Игрушка:	Название = 'Кубик', Размер = 'Маленький', Цена = 13.99, для детей от 2 лет.
9)	Игрушка:	Название = 'Мячик', Цвет = 'Белый', Размер = 'Средний', Цена = 14.5, для детей от 3 лет.
10)	Игрушка:	Название = 'Кубик', Размер = 'Маленький', Цена = 11.99, для детей от 2 лет.

2023-03-15 14:14:52 [main] INFO  vladsimonenko.fourthlab.variantB.controller.MenuController - Игровая комната общей стоимостью 53.96:
1)	Игрушка:	Название = 'Кукла', Размер = 'Большой', Цена = 15.99, для детей от 4 лет.
2)	Игрушка:	Название = 'Машинка', Марка = 'Бентли', Размер = 'Маленький', Цена = 11.99, для детей от 5 лет.
3)	Игрушка:	Название = 'Машинка', Марка = 'Опель', Размер = 'Средний', Цена = 12.99, для детей от 5 лет.
4)	Игрушка:	Название = 'Машинка', Марка = 'Лада', Размер = 'Большой', Цена = 12.99, для детей от 4 лет.

